#
# A fatal error has been detected by the Java Runtime Environment:
#
#  SIGSEGV (0xb) at pc=0xb5797e8b, pid=28013, tid=3078327104
#
# JRE version: 6.0_24-b24
# Java VM: OpenJDK Client VM (20.0-b12 mixed mode, sharing linux-x86 )
# Derivative: IcedTea6 1.11.5
# Distribution: Ubuntu 12.04 LTS, package 6b24-1.11.5-0ubuntu1~12.04.1
# Problematic frame:
# J  java.net.URI.quote(Ljava/lang/String;JJ)Ljava/lang/String;
#
# If you would like to submit a bug report, please include
# instructions how to reproduce the bug and visit:
#   https://bugs.launchpad.net/ubuntu/+source/openjdk-6/
#

---------------  T H R E A D  ---------------

Current thread (0xb7605400):  JavaThread "main" [_thread_in_Java, id=28018, stack(0xb7768000,0xb77b9000)]

siginfo:si_signo=SIGSEGV: si_errno=0, si_code=128 (), si_addr=0x00000000

Registers:
EAX=0x00000001, EBX=0x00008000, ECX=0x00000000, EDX=0x47fffffe
ESP=0xb77b73e0, EBP=0xb77b74a0, ESI=0x00000001, EDI=0x00000000
EIP=0xb5797e8b, EFLAGS=0x00010202, CR2=0x00000000

Top of Stack: (sp=0xb77b73e0)
0xb77b73e0:   00000001 2fffffd2 87ffffff 47fffffe
0xb77b73f0:   b7600010 b7633044 00000063 b7605400
0xb77b7400:   b77b742c 003e74d2 00000000 00000001
0xb77b7410:   6f89bfd8 00000000 0000002f b567fb9b
0xb77b7420:   93d21344 6f933674 00000008 001271d8
0xb77b7430:   b483e358 b77b7434 939cb640 b77b747c
0xb77b7440:   94476238 00000000 b77b74a0 b5602f87
0xb77b7450:   00000001 2fffffd2 87ffffff 47fffffe 

Instructions: (pc=0xb5797e8b)
0xb5797e6b:   7c 24 78 8b 54 24 7c 8b c8 89 34 24 89 5c 24 04
0xb5797e7b:   89 7c 24 08 89 54 24 0c e8 78 fb ed ff 83 f8 00
0xb5797e8b:   0f 85 08 02 00 00 8b 5c 24 28 83 fb 00 0f 85 db
0xb5797e9b:   01 00 00 ba 40 d8 12 94 8b cc c1 e9 0c 8b 0c 8d 

Register to memory mapping:

EAX=0x00000001 is an unknown value
EBX=0x00008000 is an unknown value
ECX=0x00000000 is an unknown value
EDX=0x47fffffe is an unknown value
ESP=0xb77b73e0 is pointing into the stack for thread: 0xb7605400
EBP=0xb77b74a0 is pointing into the stack for thread: 0xb7605400
ESI=0x00000001 is an unknown value
EDI=0x00000000 is an unknown value


Stack: [0xb7768000,0xb77b9000],  sp=0xb77b73e0,  free space=316k
Native frames: (J=compiled Java code, j=interpreted, Vv=VM code, C=native code)
J  java.net.URI.quote(Ljava/lang/String;JJ)Ljava/lang/String;
j  java.net.URI.toString(Ljava/lang/String;Ljava/lang/String;Ljava/lang/String;Ljava/lang/String;Ljava/lang/String;ILjava/lang/String;Ljava/lang/String;Ljava/lang/String;)Ljava/lang/String;+43
j  java.net.URI.<init>(Ljava/lang/String;Ljava/lang/String;Ljava/lang/String;ILjava/lang/String;Ljava/lang/String;Ljava/lang/String;)V+53
j  java.net.URI.<init>(Ljava/lang/String;Ljava/lang/String;Ljava/lang/String;Ljava/lang/String;)V+9
j  java.io.File.toURI()Ljava/net/URI;+55
j  org.apache.maven.classrealm.DefaultClassRealmManager.populateRealm(Lorg/codehaus/plexus/classworlds/realm/ClassRealm;Ljava/util/List;)Ljava/util/Set;+150
j  org.apache.maven.classrealm.DefaultClassRealmManager.createRealm(Ljava/lang/String;Lorg/apache/maven/classrealm/ClassRealmRequest$RealmType;Ljava/lang/ClassLoader;Ljava/util/List;Ljava/util/Map;Ljava/util/List;)Lorg/codehaus/plexus/classworlds/realm/ClassRealm;+199
j  org.apache.maven.classrealm.DefaultClassRealmManager.createExtensionRealm(Lorg/apache/maven/model/Plugin;Ljava/util/List;)Lorg/codehaus/plexus/classworlds/realm/ClassRealm;+43
j  org.apache.maven.project.DefaultProjectBuildingHelper.createProjectRealm(Lorg/apache/maven/project/MavenProject;Lorg/apache/maven/model/Model;Lorg/apache/maven/project/ProjectBuildingRequest;)Lorg/apache/maven/project/ProjectRealmCache$CacheRecord;+521
j  org.apache.maven.project.DefaultModelBuildingListener.buildExtensionsAssembled(Lorg/apache/maven/model/building/ModelBuildingEvent;)V+112
j  org.apache.maven.model.building.ModelBuildingEventCatapult$1.fire(Lorg/apache/maven/model/building/ModelBuildingListener;Lorg/apache/maven/model/building/ModelBuildingEvent;)V+2
j  org.apache.maven.model.building.DefaultModelBuilder.fireEvent(Lorg/apache/maven/model/Model;Lorg/apache/maven/model/building/ModelBuildingRequest;Lorg/apache/maven/model/building/ModelProblemCollector;Lorg/apache/maven/model/building/ModelBuildingEventCatapult;)V+31
j  org.apache.maven.model.building.DefaultModelBuilder.build(Lorg/apache/maven/model/building/ModelBuildingRequest;Lorg/apache/maven/model/building/ModelBuildingResult;Ljava/util/Collection;)Lorg/apache/maven/model/building/ModelBuildingResult;+77
j  org.apache.maven.model.building.DefaultModelBuilder.build(Lorg/apache/maven/model/building/ModelBuildingRequest;Lorg/apache/maven/model/building/ModelBuildingResult;)Lorg/apache/maven/model/building/ModelBuildingResult;+10
j  org.apache.maven.project.DefaultProjectBuilder.build(Ljava/util/List;Ljava/util/List;Ljava/util/Map;Ljava/util/List;Lorg/apache/maven/project/ProjectBuildingRequest;Ljava/util/Map;)Z+48
j  org.apache.maven.project.DefaultProjectBuilder.build(Ljava/util/List;ZLorg/apache/maven/project/ProjectBuildingRequest;)Ljava/util/List;+125
j  org.apache.maven.DefaultMaven.collectProjects(Ljava/util/List;Ljava/util/List;Lorg/apache/maven/execution/MavenExecutionRequest;)V+21
j  org.apache.maven.DefaultMaven.getProjectsForMavenReactor(Lorg/apache/maven/execution/MavenExecutionRequest;)Ljava/util/List;+106
j  org.apache.maven.DefaultMaven.doExecute(Lorg/apache/maven/execution/MavenExecutionRequest;)Lorg/apache/maven/execution/MavenExecutionResult;+230
j  org.apache.maven.DefaultMaven.execute(Lorg/apache/maven/execution/MavenExecutionRequest;)Lorg/apache/maven/execution/MavenExecutionResult;+11
j  org.apache.maven.cli.MavenCli.execute(Lorg/apache/maven/cli/MavenCli$CliRequest;)I+19
j  org.apache.maven.cli.MavenCli.doMain(Lorg/apache/maven/cli/MavenCli$CliRequest;)I+53
j  org.apache.maven.cli.MavenCli.main([Ljava/lang/String;Lorg/codehaus/plexus/classworlds/ClassWorld;)I+18
v  ~StubRoutines::call_stub
V  [libjvm.so+0x2102b6]  JavaCalls::call_helper(JavaValue*, methodHandle*, JavaCallArguments*, Thread*)+0x2c6


---------------  P R O C E S S  ---------------

Java Threads: ( => current thread )
  0xb768d000 JavaThread "com.google.inject.internal.util.$Finalizer" daemon [_thread_blocked, id=28026, stack(0xb49a6000,0xb49f7000)]
  0xb763c400 JavaThread "Low Memory Detector" daemon [_thread_blocked, id=28024, stack(0xb4f0d000,0xb4f5e000)]
  0xb763a400 JavaThread "C1 CompilerThread0" daemon [_thread_blocked, id=28023, stack(0xb4a90000,0xb4b11000)]
  0xb7638800 JavaThread "Signal Dispatcher" daemon [_thread_blocked, id=28022, stack(0xb4f5e000,0xb4faf000)]
  0xb7634c00 JavaThread "Finalizer" daemon [_thread_blocked, id=28021, stack(0xb4faf000,0xb5000000)]
  0xb7633400 JavaThread "Reference Handler" daemon [_thread_blocked, id=28020, stack(0xb5145000,0xb5196000)]
=>0xb7605400 JavaThread "main" [_thread_in_Java, id=28018, stack(0xb7768000,0xb77b9000)]

Other Threads:
  0xb7631800 VMThread [stack: 0xb5196000,0xb5217000] [id=28019]
  0xb763e800 WatcherThread [stack: 0xb4a0f000,0xb4a90000] [id=28025]

VM state:not at safepoint (normal execution)

VM Mutex/Monitor currently owned by a thread: None

Heap
 def new generation   total 4928K, used 2521K [0x6f700000, 0x6fc50000, 0x7a1a0000)
  eden space 4416K,  51% used [0x6f700000, 0x6f935fa8, 0x6fb50000)
  from space 512K,  50% used [0x6fbd0000, 0x6fc104d8, 0x6fc50000)
  to   space 512K,   0% used [0x6fb50000, 0x6fb50000, 0x6fbd0000)
 tenured generation   total 10944K, used 3270K [0x7a1a0000, 0x7ac50000, 0x8f700000)
   the space 10944K,  29% used [0x7a1a0000, 0x7a4d1a58, 0x7a4d1c00, 0x7ac50000)
 compacting perm gen  total 12288K, used 6038K [0x8f700000, 0x90300000, 0x93700000)
   the space 12288K,  49% used [0x8f700000, 0x8fce59b8, 0x8fce5a00, 0x90300000)
    ro space 10240K,  73% used [0x93700000, 0x93e605c8, 0x93e60600, 0x94100000)
    rw space 12288K,  60% used [0x94100000, 0x94849038, 0x94849200, 0x94d00000)

Code Cache  [0xb5600000, 0xb57a0000, 0xb7600000)
 total_blobs=886 nmethods=744 adapters=77 free_code_cache=31876160 largest_free_block=320

Dynamic libraries:
00110000-00136000 r-xp 00000000 08:01 450954     /usr/lib/jvm/java-6-openjdk-i386/jre/lib/i386/libjava.so
00136000-00137000 r--p 00025000 08:01 450954     /usr/lib/jvm/java-6-openjdk-i386/jre/lib/i386/libjava.so
00137000-00139000 rw-p 00026000 08:01 450954     /usr/lib/jvm/java-6-openjdk-i386/jre/lib/i386/libjava.so
00139000-00143000 r-xp 00000000 08:01 705337     /lib/i386-linux-gnu/libnss_nis-2.15.so
00143000-00144000 r--p 00009000 08:01 705337     /lib/i386-linux-gnu/libnss_nis-2.15.so
00144000-00145000 rw-p 0000a000 08:01 705337     /lib/i386-linux-gnu/libnss_nis-2.15.so
0030a000-004ad000 r-xp 00000000 08:01 703358     /lib/i386-linux-gnu/libc-2.15.so
004ad000-004ae000 ---p 001a3000 08:01 703358     /lib/i386-linux-gnu/libc-2.15.so
004ae000-004b0000 r--p 001a3000 08:01 703358     /lib/i386-linux-gnu/libc-2.15.so
004b0000-004b1000 rw-p 001a5000 08:01 703358     /lib/i386-linux-gnu/libc-2.15.so
004b1000-004b4000 rw-p 00000000 00:00 0 
00562000-0056d000 r-xp 00000000 08:01 703705     /lib/i386-linux-gnu/libnss_files-2.15.so
0056d000-0056e000 r--p 0000a000 08:01 703705     /lib/i386-linux-gnu/libnss_files-2.15.so
0056e000-0056f000 rw-p 0000b000 08:01 703705     /lib/i386-linux-gnu/libnss_files-2.15.so
005b5000-005cc000 r-xp 00000000 08:01 705338     /lib/i386-linux-gnu/libpthread-2.15.so
005cc000-005cd000 r--p 00016000 08:01 705338     /lib/i386-linux-gnu/libpthread-2.15.so
005cd000-005ce000 rw-p 00017000 08:01 705338     /lib/i386-linux-gnu/libpthread-2.15.so
005ce000-005d0000 rw-p 00000000 00:00 0 
0065e000-00662000 r-xp 00000000 08:01 451020     /usr/lib/jvm/java-6-openjdk-i386/jre/lib/i386/jli/libjli.so
00662000-00663000 r--p 00003000 08:01 451020     /usr/lib/jvm/java-6-openjdk-i386/jre/lib/i386/jli/libjli.so
00663000-00664000 rw-p 00004000 08:01 451020     /usr/lib/jvm/java-6-openjdk-i386/jre/lib/i386/jli/libjli.so
006b4000-006ca000 r-xp 00000000 08:01 705354     /lib/i386-linux-gnu/libnsl-2.15.so
006ca000-006cb000 r--p 00015000 08:01 705354     /lib/i386-linux-gnu/libnsl-2.15.so
006cb000-006cc000 rw-p 00016000 08:01 705354     /lib/i386-linux-gnu/libnsl-2.15.so
006cc000-006ce000 rw-p 00000000 00:00 0 
00705000-007dd000 r-xp 00000000 08:01 458450     /usr/lib/i386-linux-gnu/libstdc++.so.6.0.16
007dd000-007de000 ---p 000d8000 08:01 458450     /usr/lib/i386-linux-gnu/libstdc++.so.6.0.16
007de000-007e2000 r--p 000d8000 08:01 458450     /usr/lib/i386-linux-gnu/libstdc++.so.6.0.16
007e2000-007e3000 rw-p 000dc000 08:01 458450     /usr/lib/i386-linux-gnu/libstdc++.so.6.0.16
007e3000-007ea000 rw-p 00000000 00:00 0 
00838000-00854000 r-xp 00000000 08:01 703412     /lib/i386-linux-gnu/libgcc_s.so.1
00854000-00855000 r--p 0001b000 08:01 703412     /lib/i386-linux-gnu/libgcc_s.so.1
00855000-00856000 rw-p 0001c000 08:01 703412     /lib/i386-linux-gnu/libgcc_s.so.1
008a0000-008a1000 r-xp 00000000 00:00 0          [vdso]
0097f000-00986000 r-xp 00000000 08:01 450956     /usr/lib/jvm/java-6-openjdk-i386/jre/lib/i386/libzip.so
00986000-00987000 r--p 00006000 08:01 450956     /usr/lib/jvm/java-6-openjdk-i386/jre/lib/i386/libzip.so
00987000-00988000 rw-p 00007000 08:01 450956     /usr/lib/jvm/java-6-openjdk-i386/jre/lib/i386/libzip.so
009b4000-009bb000 r-xp 00000000 08:01 703445     /lib/i386-linux-gnu/libnss_compat-2.15.so
009bb000-009bc000 r--p 00006000 08:01 703445     /lib/i386-linux-gnu/libnss_compat-2.15.so
009bc000-009bd000 rw-p 00007000 08:01 703445     /lib/i386-linux-gnu/libnss_compat-2.15.so
00b38000-00b62000 r-xp 00000000 08:01 705341     /lib/i386-linux-gnu/libm-2.15.so
00b62000-00b63000 r--p 00029000 08:01 705341     /lib/i386-linux-gnu/libm-2.15.so
00b63000-00b64000 rw-p 0002a000 08:01 705341     /lib/i386-linux-gnu/libm-2.15.so
00bce000-00bd5000 r-xp 00000000 08:01 705335     /lib/i386-linux-gnu/librt-2.15.so
00bd5000-00bd6000 r--p 00006000 08:01 705335     /lib/i386-linux-gnu/librt-2.15.so
00bd6000-00bd7000 rw-p 00007000 08:01 705335     /lib/i386-linux-gnu/librt-2.15.so
00c4e000-00c63000 r-xp 00000000 08:01 450984     /usr/lib/jvm/java-6-openjdk-i386/jre/lib/i386/libnet.so
00c63000-00c64000 r--p 00014000 08:01 450984     /usr/lib/jvm/java-6-openjdk-i386/jre/lib/i386/libnet.so
00c64000-00c65000 rw-p 00015000 08:01 450984     /usr/lib/jvm/java-6-openjdk-i386/jre/lib/i386/libnet.so
00c7f000-00c9f000 r-xp 00000000 08:01 705342     /lib/i386-linux-gnu/ld-2.15.so
00c9f000-00ca0000 r--p 0001f000 08:01 705342     /lib/i386-linux-gnu/ld-2.15.so
00ca0000-00ca1000 rw-p 00020000 08:01 705342     /lib/i386-linux-gnu/ld-2.15.so
00d82000-00d8d000 r-xp 00000000 08:01 451016     /usr/lib/jvm/java-6-openjdk-i386/jre/lib/i386/libverify.so
00d8d000-00d8e000 ---p 0000b000 08:01 451016     /usr/lib/jvm/java-6-openjdk-i386/jre/lib/i386/libverify.so
00d8e000-00d8f000 r--p 0000b000 08:01 451016     /usr/lib/jvm/java-6-openjdk-i386/jre/lib/i386/libverify.so
00d8f000-00d90000 rw-p 0000c000 08:01 451016     /usr/lib/jvm/java-6-openjdk-i386/jre/lib/i386/libverify.so
00e85000-00e8d000 r-xp 00000000 08:01 450960     /usr/lib/jvm/java-6-openjdk-i386/jre/lib/i386/libnio.so
00e8d000-00e8e000 r--p 00007000 08:01 450960     /usr/lib/jvm/java-6-openjdk-i386/jre/lib/i386/libnio.so
00e8e000-00e8f000 rw-p 00008000 08:01 450960     /usr/lib/jvm/java-6-openjdk-i386/jre/lib/i386/libnio.so
00eb9000-00ebc000 r-xp 00000000 08:01 705346     /lib/i386-linux-gnu/libdl-2.15.so
00ebc000-00ebd000 r--p 00002000 08:01 705346     /lib/i386-linux-gnu/libdl-2.15.so
00ebd000-00ebe000 rw-p 00003000 08:01 705346     /lib/i386-linux-gnu/libdl-2.15.so
00ece000-00ee2000 r-xp 00000000 08:01 703413     /lib/i386-linux-gnu/libz.so.1.2.3.4
00ee2000-00ee3000 r--p 00013000 08:01 703413     /lib/i386-linux-gnu/libz.so.1.2.3.4
00ee3000-00ee4000 rw-p 00014000 08:01 703413     /lib/i386-linux-gnu/libz.so.1.2.3.4
00ee4000-013f8000 r-xp 00000000 08:01 450966     /usr/lib/jvm/java-6-openjdk-i386/jre/lib/i386/client/libjvm.so
013f8000-013f9000 ---p 00514000 08:01 450966     /usr/lib/jvm/java-6-openjdk-i386/jre/lib/i386/client/libjvm.so
013f9000-01410000 r--p 00514000 08:01 450966     /usr/lib/jvm/java-6-openjdk-i386/jre/lib/i386/client/libjvm.so
01410000-0141d000 rw-p 0052b000 08:01 450966     /usr/lib/jvm/java-6-openjdk-i386/jre/lib/i386/client/libjvm.so
0141d000-01835000 rw-p 00000000 00:00 0 
08048000-08051000 r-xp 00000000 08:01 451473     /usr/lib/jvm/java-6-openjdk-i386/jre/bin/java
08051000-08052000 r--p 00008000 08:01 451473     /usr/lib/jvm/java-6-openjdk-i386/jre/bin/java
08052000-08053000 rw-p 00009000 08:01 451473     /usr/lib/jvm/java-6-openjdk-i386/jre/bin/java
09f49000-09f6a000 rw-p 00000000 00:00 0          [heap]
6f700000-6fc50000 rw-p 00000000 00:00 0 
6fc50000-7a1a0000 rw-p 00000000 00:00 0 
7a1a0000-7ac50000 rw-p 00000000 00:00 0 
7ac50000-8f700000 rw-p 00000000 00:00 0 
8f700000-90300000 rw-p 00000000 00:00 0 
90300000-93700000 rw-p 00000000 00:00 0 
93700000-93e61000 r--s 00001000 08:01 450134     /usr/lib/jvm/java-6-openjdk-i386/jre/lib/i386/client/classes.jsa
93e61000-94100000 rw-p 00000000 00:00 0 
94100000-9484a000 rw-p 00762000 08:01 450134     /usr/lib/jvm/java-6-openjdk-i386/jre/lib/i386/client/classes.jsa
9484a000-94d00000 rw-p 00000000 00:00 0 
94d00000-94dfc000 rw-p 00eac000 08:01 450134     /usr/lib/jvm/java-6-openjdk-i386/jre/lib/i386/client/classes.jsa
94dfc000-95100000 rw-p 00000000 00:00 0 
95100000-95108000 r-xs 00fa8000 08:01 450134     /usr/lib/jvm/java-6-openjdk-i386/jre/lib/i386/client/classes.jsa
95108000-95500000 rw-p 00000000 00:00 0 
b4600000-b46d0000 rw-p 00000000 00:00 0 
b46d0000-b4700000 ---p 00000000 00:00 0 
b4700000-b4722000 rw-p 00000000 00:00 0 
b4722000-b4800000 ---p 00000000 00:00 0 
b4800000-b48fd000 rw-p 00000000 00:00 0 
b48fd000-b4900000 ---p 00000000 00:00 0 
b4955000-b4958000 ---p 00000000 00:00 0 
b4958000-b49a6000 rw-p 00000000 00:00 0 
b49a6000-b49a9000 ---p 00000000 00:00 0 
b49a9000-b49f7000 rw-p 00000000 00:00 0 
b49f7000-b49fe000 r--s 000fb000 08:01 450945     /usr/lib/jvm/java-6-openjdk-common/jre/lib/resources.jar
b49fe000-b4a01000 r--s 00008000 08:01 1439936    /opt/maven/lib/maven-settings-builder-3.0.3.jar
b4a01000-b4a03000 r--s 0000a000 08:01 1439932    /opt/maven/lib/maven-settings-3.0.3.jar
b4a03000-b4a05000 r--s 0000b000 08:01 1439943    /opt/maven/lib/maven-plugin-api-3.0.3.jar
b4a05000-b4a07000 r--s 0000b000 08:01 1439942    /opt/maven/lib/maven-artifact-3.0.3.jar
b4a07000-b4a09000 r--s 00000000 08:01 1439938    /opt/maven/lib/plexus-component-annotations-1.5.5.jar
b4a09000-b4a0d000 r--s 00012000 08:01 1439949    /opt/maven/lib/aether-api-1.11.jar
b4a0d000-b4a0f000 r--s 00009000 08:01 1439955    /opt/maven/lib/commons-cli-1.2.jar
b4a0f000-b4a10000 ---p 00000000 00:00 0 
b4a10000-b4a90000 rw-p 00000000 00:00 0 
b4a90000-b4a93000 ---p 00000000 00:00 0 
b4a93000-b4b11000 rw-p 00000000 00:00 0 
b4b11000-b4c00000 r--p 002c8000 08:01 1954267    /usr/lib/locale/locale-archive
b4c00000-b4e00000 r--p 00000000 08:01 1954267    /usr/lib/locale/locale-archive
b4e00000-b4e21000 rw-p 00000000 00:00 0 
b4e21000-b4f00000 ---p 00000000 00:00 0 
b4f01000-b4f0d000 r--s 0006b000 08:01 1439946    /opt/maven/lib/sisu-guice-2.9.4-no_aop.jar
b4f0d000-b4f10000 ---p 00000000 00:00 0 
b4f10000-b4f5e000 rw-p 00000000 00:00 0 
b4f5e000-b4f61000 ---p 00000000 00:00 0 
b4f61000-b4faf000 rw-p 00000000 00:00 0 
b4faf000-b4fb2000 ---p 00000000 00:00 0 
b4fb2000-b5000000 rw-p 00000000 00:00 0 
b5000000-b5100000 rw-p 00000000 00:00 0 
b5100000-b5102000 r--s 00008000 08:01 1439958    /opt/maven/lib/xercesMinimal-1.9.6.2.jar
b5102000-b5103000 r--s 00002000 08:01 1439960    /opt/maven/lib/wagon-file-1.0-beta-7.jar
b5103000-b5107000 r--s 0001a000 08:01 1439951    /opt/maven/lib/aether-util-1.11.jar
b5107000-b5109000 r--s 00002000 08:01 1439940    /opt/maven/lib/plexus-cipher-1.4.jar
b5109000-b510a000 r--s 00003000 08:01 1439950    /opt/maven/lib/aether-spi-1.11.jar
b510a000-b510d000 r--s 0001c000 08:01 1439952    /opt/maven/lib/aether-impl-1.11.jar
b510d000-b510f000 r--s 00006000 08:01 1439961    /opt/maven/lib/aether-connector-wagon-1.11.jar
b510f000-b511a000 r--s 0007d000 08:01 1439934    /opt/maven/lib/maven-core-3.0.3.jar
b511a000-b511c000 r--s 00026000 08:01 1439935    /opt/maven/lib/maven-model-3.0.3.jar
b511c000-b511f000 r--s 00019000 08:01 1439959    /opt/maven/lib/nekohtml-1.9.6.2.jar
b511f000-b5121000 r--s 0000b000 08:01 1439954    /opt/maven/lib/wagon-provider-api-1.0-beta-7.jar
b5121000-b5127000 r--s 00033000 08:01 1439945    /opt/maven/lib/sisu-inject-bean-2.1.1.jar
b5127000-b5128000 r--s 00006000 08:01 1439939    /opt/maven/lib/plexus-sec-dispatcher-1.3.jar
b5128000-b512c000 r--s 00033000 08:01 1439933    /opt/maven/lib/plexus-utils-2.0.6.jar
b512c000-b512e000 r--s 00005000 08:01 1439957    /opt/maven/lib/wagon-http-shared-1.0-beta-7.jar
b512e000-b5134000 r--s 0002a000 08:01 1439944    /opt/maven/lib/sisu-inject-plexus-2.1.1.jar
b5134000-b5136000 r--s 0000d000 08:01 1439937    /opt/maven/lib/plexus-interpolation-1.14.jar
b5136000-b5138000 r--s 00006000 08:01 1439941    /opt/maven/lib/maven-repository-metadata-3.0.3.jar
b5138000-b513a000 r--s 0000c000 08:01 1439948    /opt/maven/lib/maven-aether-provider-3.0.3.jar
b513a000-b5140000 r--s 0003f000 08:01 1439953    /opt/maven/lib/maven-compat-3.0.3.jar
b5140000-b5145000 r--s 00020000 08:01 1439947    /opt/maven/lib/maven-model-builder-3.0.3.jar
b5145000-b5148000 ---p 00000000 00:00 0 
b5148000-b5196000 rw-p 00000000 00:00 0 
b5196000-b5197000 ---p 00000000 00:00 0 
b5197000-b5217000 rw-p 00000000 00:00 0 
b5217000-b53a9000 r--s 037c2000 08:01 449982     /usr/lib/jvm/java-6-openjdk-i386/jre/lib/rt.jar
b53a9000-b53af000 rw-p 00000000 00:00 0 
b53af000-b5454000 rw-p 00000000 00:00 0 
b5454000-b5457000 rw-p 00000000 00:00 0 
b5457000-b54a9000 rw-p 00000000 00:00 0 
b54a9000-b54af000 rw-p 00000000 00:00 0 
b54af000-b5554000 rw-p 00000000 00:00 0 
b5554000-b555a000 rw-p 00000000 00:00 0 
b555a000-b5574000 rw-p 00000000 00:00 0 
b5574000-b5587000 rw-p 00000000 00:00 0 
b5587000-b5600000 rw-p 00000000 00:00 0 
b5600000-b57a0000 rwxp 00000000 00:00 0 
b57a0000-b76fc000 rw-p 00000000 00:00 0 
b76fc000-b7700000 ---p 00000000 00:00 0 
b7700000-b7701000 r--p 00000000 00:00 0 
b7701000-b7702000 r--s 00003000 08:01 1439956    /opt/maven/lib/wagon-http-lightweight-1.0-beta-7.jar
b7702000-b7703000 r--s 0000a000 08:01 1439931    /opt/maven/lib/maven-embedder-3.0.3.jar
b7703000-b7705000 r--s 0000a000 08:01 1439929    /opt/maven/boot/plexus-classworlds-2.4.jar
b7705000-b7707000 r--s 00001000 08:01 450940     /usr/lib/jvm/java-6-openjdk-common/jre/lib/ext/dnsns.jar
b7707000-b770a000 r--s 00077000 08:01 450943     /usr/lib/jvm/java-6-openjdk-common/jre/lib/ext/localedata.jar
b770a000-b770b000 r--s 00007000 08:01 498911     /usr/share/java/java-atk-wrapper.jar
b770b000-b770e000 r--s 00031000 08:01 450934     /usr/lib/jvm/java-6-openjdk-common/jre/lib/ext/sunjce_provider.jar
b770e000-b7712000 r--s 00038000 08:01 450938     /usr/lib/jvm/java-6-openjdk-common/jre/lib/ext/sunpkcs11.jar
b7712000-b7714000 r--s 0000f000 08:01 450936     /usr/lib/jvm/java-6-openjdk-common/jre/lib/ext/pulse-java.jar
b7714000-b774e000 rw-p 00000000 00:00 0 
b774e000-b7768000 rw-p 00000000 00:00 0 
b7768000-b776b000 ---p 00000000 00:00 0 
b776b000-b77c9000 rw-p 00000000 00:00 0 
b77c9000-b77d1000 rw-s 00000000 08:01 1872514    /tmp/hsperfdata_bols/28013
b77d1000-b77d2000 rw-p 00000000 00:00 0 
b77d2000-b77d3000 r--p 00000000 00:00 0 
b77d3000-b77d5000 rw-p 00000000 00:00 0 
bff84000-bffa5000 rw-p 00000000 00:00 0          [stack]

VM Arguments:
jvm_args: -Dclassworlds.conf=/opt/maven/bin/m2.conf -Dmaven.home=/opt/maven 
java_command: org.codehaus.plexus.classworlds.launcher.Launcher hpi:run -Djetty.port=8090
Launcher Type: SUN_STANDARD

Environment Variables:
JAVA_HOME=/usr/lib/jvm/java-1.6.0-openjdk/
PATH=/home/bols/Dropbox/bin/:/opt/android-sdk-linux_86/tools:/opt/android-sdk-linux_86/platform-tools/:/opt/maven/bin:/usr/local/texlive/2011/bin/i386-linux/:/home/bols/bin:/usr/lib/lightdm/lightdm:/usr/local/sbin:/usr/local/bin:/usr/sbin:/usr/bin:/sbin:/bin:/usr/games
LD_LIBRARY_PATH=/usr/lib/jvm/java-6-openjdk-i386/jre/lib/i386/client:/usr/lib/jvm/java-6-openjdk-i386/jre/lib/i386:/usr/lib/jvm/java-6-openjdk-i386/jre/../lib/i386
SHELL=/bin/bash
DISPLAY=:0.0

Signal Handlers:
SIGSEGV: [libjvm.so+0x3e4720], sa_mask[0]=0x7ffbfeff, sa_flags=0x10000004
SIGBUS: [libjvm.so+0x3e4720], sa_mask[0]=0x7ffbfeff, sa_flags=0x10000004
SIGFPE: [libjvm.so+0x3016f0], sa_mask[0]=0x7ffbfeff, sa_flags=0x10000004
SIGPIPE: [libjvm.so+0x3016f0], sa_mask[0]=0x7ffbfeff, sa_flags=0x10000004
SIGXFSZ: [libjvm.so+0x3016f0], sa_mask[0]=0x7ffbfeff, sa_flags=0x10000004
SIGILL: [libjvm.so+0x3016f0], sa_mask[0]=0x7ffbfeff, sa_flags=0x10000004
SIGUSR1: SIG_DFL, sa_mask[0]=0x00000000, sa_flags=0x00000000
SIGUSR2: [libjvm.so+0x301580], sa_mask[0]=0x00000000, sa_flags=0x10000004
SIGHUP: [libjvm.so+0x304620], sa_mask[0]=0x7ffbfeff, sa_flags=0x10000004
SIGINT: [libjvm.so+0x304620], sa_mask[0]=0x7ffbfeff, sa_flags=0x10000004
SIGTERM: [libjvm.so+0x304620], sa_mask[0]=0x7ffbfeff, sa_flags=0x10000004
SIGQUIT: [libjvm.so+0x304620], sa_mask[0]=0x7ffbfeff, sa_flags=0x10000004


---------------  S Y S T E M  ---------------

OS:Ubuntu 12.04 (precise)
uname:Linux 3.2.0-34-generic #53-Ubuntu SMP Thu Nov 15 10:49:02 UTC 2012 i686
libc:glibc 2.15 NPTL 2.15 
rlimit: STACK 8192k, CORE 0k, NPROC 11336, NOFILE 4096, AS infinity
load average:0.59 0.45 0.50

/proc/meminfo:
MemTotal:        1471376 kB
MemFree:          212748 kB
Buffers:           47464 kB
Cached:           375724 kB
SwapCached:        33752 kB
Active:           546080 kB
Inactive:         619340 kB
Active(anon):     330520 kB
Inactive(anon):   455652 kB
Active(file):     215560 kB
Inactive(file):   163688 kB
Unevictable:           0 kB
Mlocked:               0 kB
HighTotal:        590496 kB
HighFree:          61572 kB
LowTotal:         880880 kB
LowFree:          151176 kB
SwapTotal:       1951860 kB
SwapFree:        1541244 kB
Dirty:             19100 kB
Writeback:             0 kB
AnonPages:        727612 kB
Mapped:            71024 kB
Shmem:             43860 kB
Slab:              62592 kB
SReclaimable:      41352 kB
SUnreclaim:        21240 kB
KernelStack:        3832 kB
PageTables:        10308 kB
NFS_Unstable:          0 kB
Bounce:                0 kB
WritebackTmp:          0 kB
CommitLimit:     2687548 kB
Committed_AS:    3557964 kB
VmallocTotal:     122880 kB
VmallocUsed:       16284 kB
VmallocChunk:      85768 kB
HardwareCorrupted:     0 kB
AnonHugePages:         0 kB
HugePages_Total:       0
HugePages_Free:        0
HugePages_Rsvd:        0
HugePages_Surp:        0
Hugepagesize:       4096 kB
DirectMap4k:       20472 kB
DirectMap4M:      888832 kB


CPU:total 2 (2 cores per cpu, 1 threads per core) family 6 model 23 stepping 10, cmov, cx8, fxsr, mmx, sse, sse2, sse3, ssse3, sse4.1

Memory: 4k page, physical 1471376k(212748k free), swap 1951860k(1541244k free)

vm_info: OpenJDK Client VM (20.0-b12) for linux-x86 JRE (1.6.0_24-b24), built on Oct 24 2012 16:21:09 by "buildd" with gcc 4.6.3

time: Sat Dec 22 17:59:40 2012
elapsed time: 1 seconds

