#
# A fatal error has been detected by the Java Runtime Environment:
#
#  SIGSEGV (0xb) at pc=0xb5727fff, pid=31824, tid=3078183744
#
# JRE version: 6.0_24-b24
# Java VM: OpenJDK Client VM (20.0-b12 mixed mode, sharing linux-x86 )
# Derivative: IcedTea6 1.11.5
# Distribution: Ubuntu 12.04 LTS, package 6b24-1.11.5-0ubuntu1~12.04.1
# Problematic frame:
# J  java.util.WeakHashMap.get(Ljava/lang/Object;)Ljava/lang/Object;
#
# If you would like to submit a bug report, please include
# instructions how to reproduce the bug and visit:
#   https://bugs.launchpad.net/ubuntu/+source/openjdk-6/
#

---------------  T H R E A D  ---------------

Current thread (0xb7605400):  JavaThread "main" [_thread_in_Java, id=31829, stack(0xb7745000,0xb7796000)]

siginfo:si_signo=SIGSEGV: si_errno=0, si_code=128 (), si_addr=0x00000000

Registers:
EAX=0xb7793774, EBX=0x6fb6d040, ECX=0x0000000f, EDX=0x6fb61058
ESP=0xb7793790, EBP=0xb77937fc, ESI=0x00000000, EDI=0x00000009
EIP=0xb5727fff, EFLAGS=0x00010216, CR2=0x00000000

Top of Stack: (sp=0xb7793790)
0xb7793790:   0000002e 0000002e b7605400 b7605400
0xb77937a0:   00000000 b77937a4 6fb51500 8fa2aec0
0xb77937b0:   01ce616f b7605400 b77937d8 00654428
0xb77937c0:   b7605520 b77937e8 b77937fc b5603463
0xb77937d0:   b5603463 8fa2aec0 6fb51500 b77937dc
0xb77937e0:   8fca012c b7793808 8fca0428 00000000
0xb77937f0:   8fca0178 b77937d4 b7793808 b779382c
0xb7793800:   b5602f87 00000000 8fa2aec0 b779380c 

Instructions: (pc=0xb5727fff)
0xb5727fdf:   33 f1 c1 e9 04 33 f1 89 74 24 20 8b 4c 24 18 90
0xb5727fef:   e8 5c e2 ff ff 8b 4c 24 18 8b 51 20 8b 4a 08 49
0xb5727fff:   23 4c 24 20 3b 4a 08 0f 83 ad 00 00 00 8b 54 8a
0xb572800f:   0c 8b 74 24 20 8b 7c 24 1c 83 fa 00 0f 84 83 00 

Register to memory mapping:

EAX=0xb7793774 is pointing into the stack for thread: 0xb7605400
EBX=0x6fb6d040 is an oop
java.lang.ref.ReferenceQueue$Lock 
 - klass: 'java/lang/ref/ReferenceQueue$Lock'
ECX=0x0000000f is an unknown value
EDX=0x6fb61058 is an oop
[Ljava.util.WeakHashMap$Entry; 
 - klass: 'java/util/WeakHashMap$Entry'[]
 - length: 16
ESP=0xb7793790 is pointing into the stack for thread: 0xb7605400
EBP=0xb77937fc is pointing into the stack for thread: 0xb7605400
ESI=0x00000000 is an unknown value
EDI=0x00000009 is an unknown value


Stack: [0xb7745000,0xb7796000],  sp=0xb7793790,  free space=313k
Native frames: (J=compiled Java code, j=interpreted, Vv=VM code, C=native code)
J  java.util.WeakHashMap.get(Ljava/lang/Object;)Ljava/lang/Object;
j  org.codehaus.plexus.interpolation.reflection.ReflectionValueExtractor.evaluate(Ljava/lang/String;Ljava/lang/Object;Z)Ljava/lang/Object;+56
j  org.codehaus.plexus.interpolation.ObjectBasedValueSource.getValue(Ljava/lang/String;)Ljava/lang/Object;+23
j  org.codehaus.plexus.interpolation.PrefixedValueSourceWrapper.getValue(Ljava/lang/String;)Ljava/lang/Object;+33
j  org.codehaus.plexus.interpolation.AbstractDelegatingValueSource.getValue(Ljava/lang/String;)Ljava/lang/Object;+5
J  org.codehaus.plexus.interpolation.StringSearchInterpolator.interpolate(Ljava/lang/String;Lorg/codehaus/plexus/interpolation/RecursionInterceptor;Ljava/util/Set;)Ljava/lang/String;
J  org.apache.maven.model.interpolation.AbstractStringBasedModelInterpolator.interpolateInternal(Ljava/lang/String;Ljava/util/List;Ljava/util/List;Lorg/apache/maven/model/building/ModelProblemCollector;)Ljava/lang/String;
v  ~StubRoutines::call_stub
V  [libjvm.so+0x2102b6]  JavaCalls::call_helper(JavaValue*, methodHandle*, JavaCallArguments*, Thread*)+0x2c6


---------------  P R O C E S S  ---------------

Java Threads: ( => current thread )
  0xb7687c00 JavaThread "com.google.inject.internal.util.$Finalizer" daemon [_thread_blocked, id=31837, stack(0xb4985000,0xb49d6000)]
  0xb763c400 JavaThread "Low Memory Detector" daemon [_thread_blocked, id=31835, stack(0xb4f0d000,0xb4f5e000)]
  0xb763a400 JavaThread "C1 CompilerThread0" daemon [_thread_blocked, id=31834, stack(0xb4a90000,0xb4b11000)]
  0xb7638800 JavaThread "Signal Dispatcher" daemon [_thread_blocked, id=31833, stack(0xb4f5e000,0xb4faf000)]
  0xb7634c00 JavaThread "Finalizer" daemon [_thread_blocked, id=31832, stack(0xb4faf000,0xb5000000)]
  0xb7633400 JavaThread "Reference Handler" daemon [_thread_blocked, id=31831, stack(0xb5112000,0xb5163000)]
=>0xb7605400 JavaThread "main" [_thread_in_Java, id=31829, stack(0xb7745000,0xb7796000)]

Other Threads:
  0xb7631800 VMThread [stack: 0xb5163000,0xb51e4000] [id=31830]
  0xb763e800 WatcherThread [stack: 0xb4a0f000,0xb4a90000] [id=31836]

VM state:not at safepoint (normal execution)

VM Mutex/Monitor currently owned by a thread: None

Heap
 def new generation   total 4928K, used 1092K [0x6f700000, 0x6fc50000, 0x7a1a0000)
  eden space 4416K,  13% used [0x6f700000, 0x6f7913f0, 0x6fb50000)
  from space 512K, 100% used [0x6fb50000, 0x6fbd0000, 0x6fbd0000)
  to   space 512K,   0% used [0x6fbd0000, 0x6fbd0000, 0x6fc50000)
 tenured generation   total 10944K, used 1917K [0x7a1a0000, 0x7ac50000, 0x8f700000)
   the space 10944K,  17% used [0x7a1a0000, 0x7a37f6a0, 0x7a37f800, 0x7ac50000)
 compacting perm gen  total 12288K, used 5935K [0x8f700000, 0x90300000, 0x93700000)
   the space 12288K,  48% used [0x8f700000, 0x8fccbcd8, 0x8fccbe00, 0x90300000)
    ro space 10240K,  73% used [0x93700000, 0x93e605c8, 0x93e60600, 0x94100000)
    rw space 12288K,  60% used [0x94100000, 0x94849038, 0x94849200, 0x94d00000)

Code Cache  [0xb5600000, 0xb5730000, 0xb7600000)
 total_blobs=595 nmethods=453 adapters=77 free_code_cache=32339968 largest_free_block=64

Dynamic libraries:
00110000-002b3000 r-xp 00000000 08:01 703358     /lib/i386-linux-gnu/libc-2.15.so
002b3000-002b4000 ---p 001a3000 08:01 703358     /lib/i386-linux-gnu/libc-2.15.so
002b4000-002b6000 r--p 001a3000 08:01 703358     /lib/i386-linux-gnu/libc-2.15.so
002b6000-002b7000 rw-p 001a5000 08:01 703358     /lib/i386-linux-gnu/libc-2.15.so
002b7000-002ba000 rw-p 00000000 00:00 0 
002ba000-002d6000 r-xp 00000000 08:01 703412     /lib/i386-linux-gnu/libgcc_s.so.1
002d6000-002d7000 r--p 0001b000 08:01 703412     /lib/i386-linux-gnu/libgcc_s.so.1
002d7000-002d8000 rw-p 0001c000 08:01 703412     /lib/i386-linux-gnu/libgcc_s.so.1
002d8000-002e2000 r-xp 00000000 08:01 705337     /lib/i386-linux-gnu/libnss_nis-2.15.so
002e2000-002e3000 r--p 00009000 08:01 705337     /lib/i386-linux-gnu/libnss_nis-2.15.so
002e3000-002e4000 rw-p 0000a000 08:01 705337     /lib/i386-linux-gnu/libnss_nis-2.15.so
002e4000-002ec000 r-xp 00000000 08:01 450960     /usr/lib/jvm/java-6-openjdk-i386/jre/lib/i386/libnio.so
002ec000-002ed000 r--p 00007000 08:01 450960     /usr/lib/jvm/java-6-openjdk-i386/jre/lib/i386/libnio.so
002ed000-002ee000 rw-p 00008000 08:01 450960     /usr/lib/jvm/java-6-openjdk-i386/jre/lib/i386/libnio.so
002f1000-002fc000 r-xp 00000000 08:01 703705     /lib/i386-linux-gnu/libnss_files-2.15.so
002fc000-002fd000 r--p 0000a000 08:01 703705     /lib/i386-linux-gnu/libnss_files-2.15.so
002fd000-002fe000 rw-p 0000b000 08:01 703705     /lib/i386-linux-gnu/libnss_files-2.15.so
002fe000-00313000 r-xp 00000000 08:01 450984     /usr/lib/jvm/java-6-openjdk-i386/jre/lib/i386/libnet.so
00313000-00314000 r--p 00014000 08:01 450984     /usr/lib/jvm/java-6-openjdk-i386/jre/lib/i386/libnet.so
00314000-00315000 rw-p 00015000 08:01 450984     /usr/lib/jvm/java-6-openjdk-i386/jre/lib/i386/libnet.so
00397000-00398000 r-xp 00000000 00:00 0          [vdso]
00398000-00470000 r-xp 00000000 08:01 458450     /usr/lib/i386-linux-gnu/libstdc++.so.6.0.16
00470000-00471000 ---p 000d8000 08:01 458450     /usr/lib/i386-linux-gnu/libstdc++.so.6.0.16
00471000-00475000 r--p 000d8000 08:01 458450     /usr/lib/i386-linux-gnu/libstdc++.so.6.0.16
00475000-00476000 rw-p 000dc000 08:01 458450     /usr/lib/i386-linux-gnu/libstdc++.so.6.0.16
00476000-0047d000 rw-p 00000000 00:00 0 
00502000-00518000 r-xp 00000000 08:01 705354     /lib/i386-linux-gnu/libnsl-2.15.so
00518000-00519000 r--p 00015000 08:01 705354     /lib/i386-linux-gnu/libnsl-2.15.so
00519000-0051a000 rw-p 00016000 08:01 705354     /lib/i386-linux-gnu/libnsl-2.15.so
0051a000-0051c000 rw-p 00000000 00:00 0 
00648000-0066e000 r-xp 00000000 08:01 450954     /usr/lib/jvm/java-6-openjdk-i386/jre/lib/i386/libjava.so
0066e000-0066f000 r--p 00025000 08:01 450954     /usr/lib/jvm/java-6-openjdk-i386/jre/lib/i386/libjava.so
0066f000-00671000 rw-p 00026000 08:01 450954     /usr/lib/jvm/java-6-openjdk-i386/jre/lib/i386/libjava.so
006d2000-006e9000 r-xp 00000000 08:01 705338     /lib/i386-linux-gnu/libpthread-2.15.so
006e9000-006ea000 r--p 00016000 08:01 705338     /lib/i386-linux-gnu/libpthread-2.15.so
006ea000-006eb000 rw-p 00017000 08:01 705338     /lib/i386-linux-gnu/libpthread-2.15.so
006eb000-006ed000 rw-p 00000000 00:00 0 
00761000-0078b000 r-xp 00000000 08:01 705341     /lib/i386-linux-gnu/libm-2.15.so
0078b000-0078c000 r--p 00029000 08:01 705341     /lib/i386-linux-gnu/libm-2.15.so
0078c000-0078d000 rw-p 0002a000 08:01 705341     /lib/i386-linux-gnu/libm-2.15.so
009c1000-009c5000 r-xp 00000000 08:01 451020     /usr/lib/jvm/java-6-openjdk-i386/jre/lib/i386/jli/libjli.so
009c5000-009c6000 r--p 00003000 08:01 451020     /usr/lib/jvm/java-6-openjdk-i386/jre/lib/i386/jli/libjli.so
009c6000-009c7000 rw-p 00004000 08:01 451020     /usr/lib/jvm/java-6-openjdk-i386/jre/lib/i386/jli/libjli.so
00b0d000-00b14000 r-xp 00000000 08:01 703445     /lib/i386-linux-gnu/libnss_compat-2.15.so
00b14000-00b15000 r--p 00006000 08:01 703445     /lib/i386-linux-gnu/libnss_compat-2.15.so
00b15000-00b16000 rw-p 00007000 08:01 703445     /lib/i386-linux-gnu/libnss_compat-2.15.so
00bce000-00bd5000 r-xp 00000000 08:01 705335     /lib/i386-linux-gnu/librt-2.15.so
00bd5000-00bd6000 r--p 00006000 08:01 705335     /lib/i386-linux-gnu/librt-2.15.so
00bd6000-00bd7000 rw-p 00007000 08:01 705335     /lib/i386-linux-gnu/librt-2.15.so
00c25000-00c2c000 r-xp 00000000 08:01 450956     /usr/lib/jvm/java-6-openjdk-i386/jre/lib/i386/libzip.so
00c2c000-00c2d000 r--p 00006000 08:01 450956     /usr/lib/jvm/java-6-openjdk-i386/jre/lib/i386/libzip.so
00c2d000-00c2e000 rw-p 00007000 08:01 450956     /usr/lib/jvm/java-6-openjdk-i386/jre/lib/i386/libzip.so
00d69000-00d74000 r-xp 00000000 08:01 451016     /usr/lib/jvm/java-6-openjdk-i386/jre/lib/i386/libverify.so
00d74000-00d75000 ---p 0000b000 08:01 451016     /usr/lib/jvm/java-6-openjdk-i386/jre/lib/i386/libverify.so
00d75000-00d76000 r--p 0000b000 08:01 451016     /usr/lib/jvm/java-6-openjdk-i386/jre/lib/i386/libverify.so
00d76000-00d77000 rw-p 0000c000 08:01 451016     /usr/lib/jvm/java-6-openjdk-i386/jre/lib/i386/libverify.so
00e82000-00e96000 r-xp 00000000 08:01 703413     /lib/i386-linux-gnu/libz.so.1.2.3.4
00e96000-00e97000 r--p 00013000 08:01 703413     /lib/i386-linux-gnu/libz.so.1.2.3.4
00e97000-00e98000 rw-p 00014000 08:01 703413     /lib/i386-linux-gnu/libz.so.1.2.3.4
00ea5000-00ec5000 r-xp 00000000 08:01 705342     /lib/i386-linux-gnu/ld-2.15.so
00ec5000-00ec6000 r--p 0001f000 08:01 705342     /lib/i386-linux-gnu/ld-2.15.so
00ec6000-00ec7000 rw-p 00020000 08:01 705342     /lib/i386-linux-gnu/ld-2.15.so
00f3f000-00f42000 r-xp 00000000 08:01 705346     /lib/i386-linux-gnu/libdl-2.15.so
00f42000-00f43000 r--p 00002000 08:01 705346     /lib/i386-linux-gnu/libdl-2.15.so
00f43000-00f44000 rw-p 00003000 08:01 705346     /lib/i386-linux-gnu/libdl-2.15.so
00f44000-01458000 r-xp 00000000 08:01 450966     /usr/lib/jvm/java-6-openjdk-i386/jre/lib/i386/client/libjvm.so
01458000-01459000 ---p 00514000 08:01 450966     /usr/lib/jvm/java-6-openjdk-i386/jre/lib/i386/client/libjvm.so
01459000-01470000 r--p 00514000 08:01 450966     /usr/lib/jvm/java-6-openjdk-i386/jre/lib/i386/client/libjvm.so
01470000-0147d000 rw-p 0052b000 08:01 450966     /usr/lib/jvm/java-6-openjdk-i386/jre/lib/i386/client/libjvm.so
0147d000-01895000 rw-p 00000000 00:00 0 
08048000-08051000 r-xp 00000000 08:01 451473     /usr/lib/jvm/java-6-openjdk-i386/jre/bin/java
08051000-08052000 r--p 00008000 08:01 451473     /usr/lib/jvm/java-6-openjdk-i386/jre/bin/java
08052000-08053000 rw-p 00009000 08:01 451473     /usr/lib/jvm/java-6-openjdk-i386/jre/bin/java
085ec000-0860d000 rw-p 00000000 00:00 0          [heap]
6f700000-6fc50000 rw-p 00000000 00:00 0 
6fc50000-7a1a0000 rw-p 00000000 00:00 0 
7a1a0000-7ac50000 rw-p 00000000 00:00 0 
7ac50000-8f700000 rw-p 00000000 00:00 0 
8f700000-90300000 rw-p 00000000 00:00 0 
90300000-93700000 rw-p 00000000 00:00 0 
93700000-93e61000 r--s 00001000 08:01 450134     /usr/lib/jvm/java-6-openjdk-i386/jre/lib/i386/client/classes.jsa
93e61000-94100000 rw-p 00000000 00:00 0 
94100000-9484a000 rw-p 00762000 08:01 450134     /usr/lib/jvm/java-6-openjdk-i386/jre/lib/i386/client/classes.jsa
9484a000-94d00000 rw-p 00000000 00:00 0 
94d00000-94dfc000 rw-p 00eac000 08:01 450134     /usr/lib/jvm/java-6-openjdk-i386/jre/lib/i386/client/classes.jsa
94dfc000-95100000 rw-p 00000000 00:00 0 
95100000-95108000 r-xs 00fa8000 08:01 450134     /usr/lib/jvm/java-6-openjdk-i386/jre/lib/i386/client/classes.jsa
95108000-95500000 rw-p 00000000 00:00 0 
b4600000-b46d1000 rw-p 00000000 00:00 0 
b46d1000-b4700000 ---p 00000000 00:00 0 
b4800000-b48fb000 rw-p 00000000 00:00 0 
b48fb000-b4900000 ---p 00000000 00:00 0 
b4933000-b4934000 r--p 00000000 00:00 0 
b4934000-b4937000 ---p 00000000 00:00 0 
b4937000-b4985000 rw-p 00000000 00:00 0 
b4985000-b4988000 ---p 00000000 00:00 0 
b4988000-b49d6000 rw-p 00000000 00:00 0 
b49d6000-b49dd000 r--s 000fb000 08:01 450945     /usr/lib/jvm/java-6-openjdk-common/jre/lib/resources.jar
b49dd000-b49e0000 r--s 00008000 08:01 1439936    /opt/maven/lib/maven-settings-builder-3.0.3.jar
b49e0000-b49e2000 r--s 0000a000 08:01 1439932    /opt/maven/lib/maven-settings-3.0.3.jar
b49e2000-b49e4000 r--s 0000b000 08:01 1439943    /opt/maven/lib/maven-plugin-api-3.0.3.jar
b49e4000-b49e6000 r--s 0000b000 08:01 1439942    /opt/maven/lib/maven-artifact-3.0.3.jar
b49e6000-b49e8000 r--s 00000000 08:01 1439938    /opt/maven/lib/plexus-component-annotations-1.5.5.jar
b49e8000-b49ec000 r--s 00012000 08:01 1439949    /opt/maven/lib/aether-api-1.11.jar
b49ec000-b49ee000 r--s 00009000 08:01 1439955    /opt/maven/lib/commons-cli-1.2.jar
b49ee000-b49fa000 r--s 0006b000 08:01 1439946    /opt/maven/lib/sisu-guice-2.9.4-no_aop.jar
b49fa000-b49fc000 r--s 00008000 08:01 1439958    /opt/maven/lib/xercesMinimal-1.9.6.2.jar
b49fc000-b49fd000 r--s 00002000 08:01 1439960    /opt/maven/lib/wagon-file-1.0-beta-7.jar
b49fd000-b4a01000 r--s 0001a000 08:01 1439951    /opt/maven/lib/aether-util-1.11.jar
b4a01000-b4a03000 r--s 00002000 08:01 1439940    /opt/maven/lib/plexus-cipher-1.4.jar
b4a03000-b4a04000 r--s 00003000 08:01 1439950    /opt/maven/lib/aether-spi-1.11.jar
b4a04000-b4a0f000 r--s 0007d000 08:01 1439934    /opt/maven/lib/maven-core-3.0.3.jar
b4a0f000-b4a10000 ---p 00000000 00:00 0 
b4a10000-b4a90000 rw-p 00000000 00:00 0 
b4a90000-b4a93000 ---p 00000000 00:00 0 
b4a93000-b4b11000 rw-p 00000000 00:00 0 
b4b11000-b4c00000 r--p 002c8000 08:01 1954267    /usr/lib/locale/locale-archive
b4c00000-b4e00000 r--p 00000000 08:01 1954267    /usr/lib/locale/locale-archive
b4e00000-b4e21000 rw-p 00000000 00:00 0 
b4e21000-b4f00000 ---p 00000000 00:00 0 
b4f00000-b4f03000 r--s 0001c000 08:01 1439952    /opt/maven/lib/aether-impl-1.11.jar
b4f03000-b4f05000 r--s 00006000 08:01 1439961    /opt/maven/lib/aether-connector-wagon-1.11.jar
b4f05000-b4f07000 r--s 00026000 08:01 1439935    /opt/maven/lib/maven-model-3.0.3.jar
b4f07000-b4f0d000 r--s 00033000 08:01 1439945    /opt/maven/lib/sisu-inject-bean-2.1.1.jar
b4f0d000-b4f10000 ---p 00000000 00:00 0 
b4f10000-b4f5e000 rw-p 00000000 00:00 0 
b4f5e000-b4f61000 ---p 00000000 00:00 0 
b4f61000-b4faf000 rw-p 00000000 00:00 0 
b4faf000-b4fb2000 ---p 00000000 00:00 0 
b4fb2000-b5000000 rw-p 00000000 00:00 0 
b5000000-b50eb000 rw-p 00000000 00:00 0 
b50eb000-b5100000 ---p 00000000 00:00 0 
b5100000-b5103000 r--s 00019000 08:01 1439959    /opt/maven/lib/nekohtml-1.9.6.2.jar
b5103000-b5105000 r--s 0000b000 08:01 1439954    /opt/maven/lib/wagon-provider-api-1.0-beta-7.jar
b5105000-b5106000 r--s 00006000 08:01 1439939    /opt/maven/lib/plexus-sec-dispatcher-1.3.jar
b5106000-b510a000 r--s 00033000 08:01 1439933    /opt/maven/lib/plexus-utils-2.0.6.jar
b510a000-b510c000 r--s 00005000 08:01 1439957    /opt/maven/lib/wagon-http-shared-1.0-beta-7.jar
b510c000-b5112000 r--s 0002a000 08:01 1439944    /opt/maven/lib/sisu-inject-plexus-2.1.1.jar
b5112000-b5115000 ---p 00000000 00:00 0 
b5115000-b5163000 rw-p 00000000 00:00 0 
b5163000-b5164000 ---p 00000000 00:00 0 
b5164000-b5217000 rw-p 00000000 00:00 0 
b5217000-b53a9000 r--s 037c2000 08:01 449982     /usr/lib/jvm/java-6-openjdk-i386/jre/lib/rt.jar
b53a9000-b53af000 rw-p 00000000 00:00 0 
b53af000-b5454000 rw-p 00000000 00:00 0 
b5454000-b5457000 rw-p 00000000 00:00 0 
b5457000-b54a9000 rw-p 00000000 00:00 0 
b54a9000-b54af000 rw-p 00000000 00:00 0 
b54af000-b5554000 rw-p 00000000 00:00 0 
b5554000-b555a000 rw-p 00000000 00:00 0 
b555a000-b5574000 rw-p 00000000 00:00 0 
b5574000-b5585000 rw-p 00000000 00:00 0 
b5585000-b5600000 rw-p 00000000 00:00 0 
b5600000-b5730000 rwxp 00000000 00:00 0 
b5730000-b76fe000 rw-p 00000000 00:00 0 
b76fe000-b7700000 ---p 00000000 00:00 0 
b7700000-b7702000 r--s 0000d000 08:01 1439937    /opt/maven/lib/plexus-interpolation-1.14.jar
b7702000-b7704000 r--s 00006000 08:01 1439941    /opt/maven/lib/maven-repository-metadata-3.0.3.jar
b7704000-b7705000 r--s 00003000 08:01 1439956    /opt/maven/lib/wagon-http-lightweight-1.0-beta-7.jar
b7705000-b7707000 r--s 0000c000 08:01 1439948    /opt/maven/lib/maven-aether-provider-3.0.3.jar
b7707000-b770d000 r--s 0003f000 08:01 1439953    /opt/maven/lib/maven-compat-3.0.3.jar
b770d000-b770e000 r--s 0000a000 08:01 1439931    /opt/maven/lib/maven-embedder-3.0.3.jar
b770e000-b7713000 r--s 00020000 08:01 1439947    /opt/maven/lib/maven-model-builder-3.0.3.jar
b7713000-b7715000 r--s 0000a000 08:01 1439929    /opt/maven/boot/plexus-classworlds-2.4.jar
b7715000-b7717000 r--s 00001000 08:01 450940     /usr/lib/jvm/java-6-openjdk-common/jre/lib/ext/dnsns.jar
b7717000-b771a000 r--s 00077000 08:01 450943     /usr/lib/jvm/java-6-openjdk-common/jre/lib/ext/localedata.jar
b771a000-b771b000 r--s 00007000 08:01 498911     /usr/share/java/java-atk-wrapper.jar
b771b000-b771e000 r--s 00031000 08:01 450934     /usr/lib/jvm/java-6-openjdk-common/jre/lib/ext/sunjce_provider.jar
b771e000-b7722000 r--s 00038000 08:01 450938     /usr/lib/jvm/java-6-openjdk-common/jre/lib/ext/sunpkcs11.jar
b7722000-b7724000 r--s 0000f000 08:01 450936     /usr/lib/jvm/java-6-openjdk-common/jre/lib/ext/pulse-java.jar
b7724000-b772b000 rw-p 00000000 00:00 0 
b772b000-b7745000 rw-p 00000000 00:00 0 
b7745000-b7748000 ---p 00000000 00:00 0 
b7748000-b77a6000 rw-p 00000000 00:00 0 
b77a6000-b77ae000 rw-s 00000000 08:01 1872514    /tmp/hsperfdata_bols/31824
b77ae000-b77af000 rw-p 00000000 00:00 0 
b77af000-b77b0000 r--p 00000000 00:00 0 
b77b0000-b77b2000 rw-p 00000000 00:00 0 
bfe2d000-bfe4e000 rw-p 00000000 00:00 0          [stack]

VM Arguments:
jvm_args: -Dclassworlds.conf=/opt/maven/bin/m2.conf -Dmaven.home=/opt/maven 
java_command: org.codehaus.plexus.classworlds.launcher.Launcher hpi:run -Djetty.port=8090
Launcher Type: SUN_STANDARD

Environment Variables:
JAVA_HOME=/usr/lib/jvm/java-1.6.0-openjdk/
PATH=/home/bols/Dropbox/bin/:/opt/android-sdk-linux_86/tools:/opt/android-sdk-linux_86/platform-tools/:/opt/maven/bin:/usr/local/texlive/2011/bin/i386-linux/:/home/bols/bin:/usr/lib/lightdm/lightdm:/usr/local/sbin:/usr/local/bin:/usr/sbin:/usr/bin:/sbin:/bin:/usr/games
LD_LIBRARY_PATH=/usr/lib/jvm/java-6-openjdk-i386/jre/lib/i386/client:/usr/lib/jvm/java-6-openjdk-i386/jre/lib/i386:/usr/lib/jvm/java-6-openjdk-i386/jre/../lib/i386
SHELL=/bin/bash
DISPLAY=:0.0

Signal Handlers:
SIGSEGV: [libjvm.so+0x3e4720], sa_mask[0]=0x7ffbfeff, sa_flags=0x10000004
SIGBUS: [libjvm.so+0x3e4720], sa_mask[0]=0x7ffbfeff, sa_flags=0x10000004
SIGFPE: [libjvm.so+0x3016f0], sa_mask[0]=0x7ffbfeff, sa_flags=0x10000004
SIGPIPE: [libjvm.so+0x3016f0], sa_mask[0]=0x7ffbfeff, sa_flags=0x10000004
SIGXFSZ: [libjvm.so+0x3016f0], sa_mask[0]=0x7ffbfeff, sa_flags=0x10000004
SIGILL: [libjvm.so+0x3016f0], sa_mask[0]=0x7ffbfeff, sa_flags=0x10000004
SIGUSR1: SIG_DFL, sa_mask[0]=0x00000000, sa_flags=0x00000000
SIGUSR2: [libjvm.so+0x301580], sa_mask[0]=0x00000000, sa_flags=0x10000004
SIGHUP: [libjvm.so+0x304620], sa_mask[0]=0x7ffbfeff, sa_flags=0x10000004
SIGINT: [libjvm.so+0x304620], sa_mask[0]=0x7ffbfeff, sa_flags=0x10000004
SIGTERM: [libjvm.so+0x304620], sa_mask[0]=0x7ffbfeff, sa_flags=0x10000004
SIGQUIT: [libjvm.so+0x304620], sa_mask[0]=0x7ffbfeff, sa_flags=0x10000004


---------------  S Y S T E M  ---------------

OS:Ubuntu 12.04 (precise)
uname:Linux 3.2.0-34-generic #53-Ubuntu SMP Thu Nov 15 10:49:02 UTC 2012 i686
libc:glibc 2.15 NPTL 2.15 
rlimit: STACK 8192k, CORE 0k, NPROC 11336, NOFILE 4096, AS infinity
load average:1.11 0.79 0.61

/proc/meminfo:
MemTotal:        1471376 kB
MemFree:          190868 kB
Buffers:           27868 kB
Cached:           342944 kB
SwapCached:        38236 kB
Active:           537568 kB
Inactive:         653672 kB
Active(anon):     355572 kB
Inactive(anon):   503068 kB
Active(file):     181996 kB
Inactive(file):   150604 kB
Unevictable:           0 kB
Mlocked:               0 kB
HighTotal:        590496 kB
HighFree:          44088 kB
LowTotal:         880880 kB
LowFree:          146780 kB
SwapTotal:       1951860 kB
SwapFree:        1534572 kB
Dirty:             13404 kB
Writeback:             0 kB
AnonPages:        798752 kB
Mapped:            72008 kB
Shmem:             38168 kB
Slab:              58572 kB
SReclaimable:      37580 kB
SUnreclaim:        20992 kB
KernelStack:        3880 kB
PageTables:        10752 kB
NFS_Unstable:          0 kB
Bounce:                0 kB
WritebackTmp:          0 kB
CommitLimit:     2687548 kB
Committed_AS:    3753860 kB
VmallocTotal:     122880 kB
VmallocUsed:       16284 kB
VmallocChunk:      85768 kB
HardwareCorrupted:     0 kB
AnonHugePages:         0 kB
HugePages_Total:       0
HugePages_Free:        0
HugePages_Rsvd:        0
HugePages_Surp:        0
Hugepagesize:       4096 kB
DirectMap4k:       20472 kB
DirectMap4M:      888832 kB


CPU:total 2 (2 cores per cpu, 1 threads per core) family 6 model 23 stepping 10, cmov, cx8, fxsr, mmx, sse, sse2, sse3, ssse3, sse4.1

Memory: 4k page, physical 1471376k(190868k free), swap 1951860k(1534572k free)

vm_info: OpenJDK Client VM (20.0-b12) for linux-x86 JRE (1.6.0_24-b24), built on Oct 24 2012 16:21:09 by "buildd" with gcc 4.6.3

time: Sat Dec 22 22:27:25 2012
elapsed time: 1 seconds

